<?xml version="1.0" encoding="UTF-8"?>
<!-- Generated by org.testng.reporters.JUnitReportReporter -->
<testsuite skipped="0" hostname="Ss-MacBook-Air.local" name="Automate.Pages.TestCases.TC001GuestWelcomeScreen" tests="1" failures="0" timestamp="2024-03-19T16:54:41 BDT" time="644.003" errors="0">
  <testcase name="screenVerification" time="644.003" classname="Automate.Pages.TestCases.TC001GuestWelcomeScreen"/>
  <system-out/>
</testsuite> <!-- Automate.Pages.TestCases.TC001GuestWelcomeScreen -->
