<?xml version="1.0" encoding="UTF-8"?>
<!-- Generated by org.testng.reporters.JUnitReportReporter -->
<testsuite skipped="0" hostname="Ss-MacBook-Air.local" name="Automate.Pages.TestCases.TC001GuestWelcomeScreen" tests="1" failures="0" timestamp="2024-03-21T14:52:11 BDT" time="4.453" errors="0">
  <testcase name="screenVerification" time="4.453" classname="Automate.Pages.TestCases.TC001GuestWelcomeScreen"/>
  <system-out/>
</testsuite> <!-- Automate.Pages.TestCases.TC001GuestWelcomeScreen -->
